runid                 	all	lm
num_q                 	all	150
num_ret               	all	142395
num_rel               	all	14013
num_rel_ret           	all	7282
map                   	all	0.2145
gm_map                	all	0.0991
Rprec                 	all	0.2644
bpref                 	all	0.2367
recip_rank            	all	0.5778
iprec_at_recall_0.00  	all	0.6393
iprec_at_recall_0.10  	all	0.4549
iprec_at_recall_0.20  	all	0.3590
iprec_at_recall_0.30  	all	0.3014
iprec_at_recall_0.40  	all	0.2377
iprec_at_recall_0.50  	all	0.1925
iprec_at_recall_0.60  	all	0.1510
iprec_at_recall_0.70  	all	0.1125
iprec_at_recall_0.80  	all	0.0728
iprec_at_recall_0.90  	all	0.0528
iprec_at_recall_1.00  	all	0.0272
P_5                   	all	0.4240
P_10                  	all	0.4027
P_15                  	all	0.3738
P_20                  	all	0.3487
P_30                  	all	0.3111
P_100                 	all	0.1940
P_200                 	all	0.1369
P_500                 	all	0.0785
P_1000                	all	0.0485
